app/build/intermediates/manifest_merge_blame_file/debug/processDebugMainManifest/manifest-merger-blame-debug-report.txt
1<?xml version="1.0" encoding="utf-8"?>
2<manifest xmlns:android="http://schemas.android.com/apk/res/android"
3    package="com.example.authfirebase"
4    android:versionCode="1"
5    android:versionName="1.0" >
6
7    <uses-sdk
7-->INJECTED
8        android:minSdkVersion="24"
8-->INJECTED
9        android:targetSdkVersion="37" />
9-->INJECTED
10
11    <uses-permission android:name="android.permission.INTERNET" />
11-->src/main/AndroidManifest.xml:4:5-67
11-->src/main/AndroidManifest.xml:4:22-64
12    <uses-permission android:name="android.permission.ACCESS_NETWORK_STATE" />
12-->[com.google.firebase:firebase-auth:24.2.0] AndroidManifest.xml:26:5-79
12-->[com.google.firebase:firebase-auth:24.2.0] AndroidManifest.xml:26:22-76
13    <uses-permission android:name="com.google.android.providers.gsf.permission.READ_GSERVICES" />
13-->[com.google.android.recaptcha:recaptcha:18.6.1] AndroidManifest.xml:9:5-98
13-->[com.google.android.recaptcha:recaptcha:18.6.1] AndroidManifest.xml:9:22-95
14
15    <permission
15-->[androidx.core:core:1.18.0] AndroidManifest.xml:22:5-24:47
16        android:name="com.example.authfirebase.DYNAMIC_RECEIVER_NOT_EXPORTED_PERMISSION"
16-->[androidx.core:core:1.18.0] AndroidManifest.xml:23:9-81
17        android:protectionLevel="signature" />
17-->[androidx.core:core:1.18.0] AndroidManifest.xml:24:9-44
18
19    <uses-permission android:name="com.example.authfirebase.DYNAMIC_RECEIVER_NOT_EXPORTED_PERMISSION" />
19-->[androidx.core:core:1.18.0] AndroidManifest.xml:26:5-97
19-->[androidx.core:core:1.18.0] AndroidManifest.xml:26:22-94
20
21    <application
21-->src/main/AndroidManifest.xml:6:5-27:19
22        android:allowBackup="true"
22-->src/main/AndroidManifest.xml:7:9-35
23        android:appComponentFactory="androidx.core.app.CoreComponentFactory"
23-->[androidx.core:core:1.18.0] AndroidManifest.xml:28:18-86
24        android:debuggable="true"
25        android:extractNativeLibs="false"
25-->INJECTED
26        android:label="Firebase Auth Lab"
26-->src/main/AndroidManifest.xml:8:9-42
27        android:supportsRtl="true"
27-->src/main/AndroidManifest.xml:9:9-35
28        android:testOnly="true"
29        android:theme="@style/Theme.AuthFirebase" >
29-->src/main/AndroidManifest.xml:10:9-50
30        <activity
30-->src/main/AndroidManifest.xml:12:9-76
31            android:name="com.example.authfirebase.TokenActivity"
31-->src/main/AndroidManifest.xml:12:19-48
32            android:exported="false" />
32-->src/main/AndroidManifest.xml:12:49-73
33        <activity
33-->src/main/AndroidManifest.xml:13:9-85
34            android:name="com.example.authfirebase.RecuperarSenhaActivity"
34-->src/main/AndroidManifest.xml:13:19-57
35            android:exported="false" />
35-->src/main/AndroidManifest.xml:13:58-82
36        <activity
36-->src/main/AndroidManifest.xml:14:9-85
37            android:name="com.example.authfirebase.VerificarEmailActivity"
37-->src/main/AndroidManifest.xml:14:19-57
38            android:exported="false" />
38-->src/main/AndroidManifest.xml:14:58-82
39        <activity
39-->src/main/AndroidManifest.xml:15:9-76
40            android:name="com.example.authfirebase.LoginActivity"
40-->src/main/AndroidManifest.xml:15:19-48
41            android:exported="false" />
41-->src/main/AndroidManifest.xml:15:49-73
42        <activity
42-->src/main/AndroidManifest.xml:16:9-79
43            android:name="com.example.authfirebase.CadastroActivity"
43-->src/main/AndroidManifest.xml:16:19-51
44            android:exported="false" />
44-->src/main/AndroidManifest.xml:16:52-76
45        <activity
45-->src/main/AndroidManifest.xml:18:9-25:20
46            android:name="com.example.authfirebase.MainActivity"
46-->src/main/AndroidManifest.xml:19:13-41
47            android:exported="true" >
47-->src/main/AndroidManifest.xml:20:13-36
48            <intent-filter>
48-->src/main/AndroidManifest.xml:21:13-24:29
49                <action android:name="android.intent.action.MAIN" />
49-->src/main/AndroidManifest.xml:22:17-69
49-->src/main/AndroidManifest.xml:22:25-66
50
51                <category android:name="android.intent.category.LAUNCHER" />
51-->src/main/AndroidManifest.xml:23:17-77
51-->src/main/AndroidManifest.xml:23:27-74
52            </intent-filter>
53        </activity>
54        <activity
54-->[com.google.firebase:firebase-auth:24.2.0] AndroidManifest.xml:29:9-46:20
55            android:name="com.google.firebase.auth.internal.GenericIdpActivity"
55-->[com.google.firebase:firebase-auth:24.2.0] AndroidManifest.xml:30:13-80
56            android:excludeFromRecents="true"
56-->[com.google.firebase:firebase-auth:24.2.0] AndroidManifest.xml:31:13-46
57            android:exported="true"
57-->[com.google.firebase:firebase-auth:24.2.0] AndroidManifest.xml:32:13-36
58            android:launchMode="singleTask"
58-->[com.google.firebase:firebase-auth:24.2.0] AndroidManifest.xml:33:13-44
59            android:theme="@android:style/Theme.Translucent.NoTitleBar" >
59-->[com.google.firebase:firebase-auth:24.2.0] AndroidManifest.xml:34:13-72
60            <intent-filter>
60-->[com.google.firebase:firebase-auth:24.2.0] AndroidManifest.xml:35:13-45:29
61                <action android:name="android.intent.action.VIEW" />
61-->[com.google.firebase:firebase-auth:24.2.0] AndroidManifest.xml:36:17-69
61-->[com.google.firebase:firebase-auth:24.2.0] AndroidManifest.xml:36:25-66
62
63                <category android:name="android.intent.category.DEFAULT" />
63-->[com.google.firebase:firebase-auth:24.2.0] AndroidManifest.xml:38:17-76
63-->[com.google.firebase:firebase-auth:24.2.0] AndroidManifest.xml:38:27-73
64                <category android:name="android.intent.category.BROWSABLE" />
64-->[com.google.firebase:firebase-auth:24.2.0] AndroidManifest.xml:39:17-78
64-->[com.google.firebase:firebase-auth:24.2.0] AndroidManifest.xml:39:27-75
65
66                <data
66-->[com.google.firebase:firebase-auth:24.2.0] AndroidManifest.xml:41:17-44:51
67                    android:host="firebase.auth"
67-->[com.google.firebase:firebase-auth:24.2.0] AndroidManifest.xml:42:21-49
68                    android:path="/"
68-->[com.google.firebase:firebase-auth:24.2.0] AndroidManifest.xml:43:21-37
69                    android:scheme="genericidp" />
69-->[com.google.firebase:firebase-auth:24.2.0] AndroidManifest.xml:44:21-48
70            </intent-filter>
71        </activity>
72        <activity
72-->[com.google.firebase:firebase-auth:24.2.0] AndroidManifest.xml:47:9-64:20
73            android:name="com.google.firebase.auth.internal.RecaptchaActivity"
73-->[com.google.firebase:firebase-auth:24.2.0] AndroidManifest.xml:48:13-79
74            android:excludeFromRecents="true"
74-->[com.google.firebase:firebase-auth:24.2.0] AndroidManifest.xml:49:13-46
75            android:exported="true"
75-->[com.google.firebase:firebase-auth:24.2.0] AndroidManifest.xml:50:13-36
76            android:launchMode="singleTask"
76-->[com.google.firebase:firebase-auth:24.2.0] AndroidManifest.xml:51:13-44
77            android:theme="@android:style/Theme.Translucent.NoTitleBar" >
77-->[com.google.firebase:firebase-auth:24.2.0] AndroidManifest.xml:52:13-72
78            <intent-filter>
78-->[com.google.firebase:firebase-auth:24.2.0] AndroidManifest.xml:53:13-63:29
79                <action android:name="android.intent.action.VIEW" />
79-->[com.google.firebase:firebase-auth:24.2.0] AndroidManifest.xml:36:17-69
79-->[com.google.firebase:firebase-auth:24.2.0] AndroidManifest.xml:36:25-66
80
81                <category android:name="android.intent.category.DEFAULT" />
81-->[com.google.firebase:firebase-auth:24.2.0] AndroidManifest.xml:38:17-76
81-->[com.google.firebase:firebase-auth:24.2.0] AndroidManifest.xml:38:27-73
82                <category android:name="android.intent.category.BROWSABLE" />
82-->[com.google.firebase:firebase-auth:24.2.0] AndroidManifest.xml:39:17-78
82-->[com.google.firebase:firebase-auth:24.2.0] AndroidManifest.xml:39:27-75
83
84                <data
84-->[com.google.firebase:firebase-auth:24.2.0] AndroidManifest.xml:41:17-44:51
85                    android:host="firebase.auth"
85-->[com.google.firebase:firebase-auth:24.2.0] AndroidManifest.xml:42:21-49
86                    android:path="/"
86-->[com.google.firebase:firebase-auth:24.2.0] AndroidManifest.xml:43:21-37
87                    android:scheme="recaptcha" />
87-->[com.google.firebase:firebase-auth:24.2.0] AndroidManifest.xml:44:21-48
88            </intent-filter>
89        </activity>
90
91        <service
91-->[com.google.firebase:firebase-auth:24.2.0] AndroidManifest.xml:66:9-72:19
92            android:name="com.google.firebase.components.ComponentDiscoveryService"
92-->[com.google.firebase:firebase-auth:24.2.0] AndroidManifest.xml:67:13-84
93            android:directBootAware="true"
93-->[com.google.firebase:firebase-common:22.2.1] AndroidManifest.xml:32:13-43
94            android:exported="false" >
94-->[com.google.firebase:firebase-auth:24.2.0] AndroidManifest.xml:68:13-37
95            <meta-data
95-->[com.google.firebase:firebase-auth:24.2.0] AndroidManifest.xml:69:13-71:85
96                android:name="com.google.firebase.components:com.google.firebase.auth.FirebaseAuthRegistrar"
96-->[com.google.firebase:firebase-auth:24.2.0] AndroidManifest.xml:70:17-109
97                android:value="com.google.firebase.components.ComponentRegistrar" />
97-->[com.google.firebase:firebase-auth:24.2.0] AndroidManifest.xml:71:17-82
98            <meta-data
98-->[com.google.firebase:firebase-common:22.2.1] AndroidManifest.xml:35:13-37:85
99                android:name="com.google.firebase.components:com.google.firebase.FirebaseCommonKtxRegistrar"
99-->[com.google.firebase:firebase-common:22.2.1] AndroidManifest.xml:36:17-109
100                android:value="com.google.firebase.components.ComponentRegistrar" />
100-->[com.google.firebase:firebase-common:22.2.1] AndroidManifest.xml:37:17-82
101        </service>
102        <service
102-->[androidx.credentials:credentials-play-services-auth:1.2.0-rc01] AndroidManifest.xml:24:9-32:19
103            android:name="androidx.credentials.playservices.CredentialProviderMetadataHolder"
103-->[androidx.credentials:credentials-play-services-auth:1.2.0-rc01] AndroidManifest.xml:25:13-94
104            android:enabled="true"
104-->[androidx.credentials:credentials-play-services-auth:1.2.0-rc01] AndroidManifest.xml:26:13-35
105            android:exported="false" >
105-->[androidx.credentials:credentials-play-services-auth:1.2.0-rc01] AndroidManifest.xml:27:13-37
106            <meta-data
106-->[androidx.credentials:credentials-play-services-auth:1.2.0-rc01] AndroidManifest.xml:29:13-31:104
107                android:name="androidx.credentials.CREDENTIAL_PROVIDER_KEY"
107-->[androidx.credentials:credentials-play-services-auth:1.2.0-rc01] AndroidManifest.xml:30:17-76
108                android:value="androidx.credentials.playservices.CredentialProviderPlayServicesImpl" />
108-->[androidx.credentials:credentials-play-services-auth:1.2.0-rc01] AndroidManifest.xml:31:17-101
109        </service>
110
111        <activity
111-->[androidx.credentials:credentials-play-services-auth:1.2.0-rc01] AndroidManifest.xml:34:9-41:20
112            android:name="androidx.credentials.playservices.HiddenActivity"
112-->[androidx.credentials:credentials-play-services-auth:1.2.0-rc01] AndroidManifest.xml:35:13-76
113            android:configChanges="orientation|screenSize|screenLayout|keyboardHidden"
113-->[androidx.credentials:credentials-play-services-auth:1.2.0-rc01] AndroidManifest.xml:36:13-87
114            android:enabled="true"
114-->[androidx.credentials:credentials-play-services-auth:1.2.0-rc01] AndroidManifest.xml:37:13-35
115            android:exported="false"
115-->[androidx.credentials:credentials-play-services-auth:1.2.0-rc01] AndroidManifest.xml:38:13-37
116            android:fitsSystemWindows="true"
116-->[androidx.credentials:credentials-play-services-auth:1.2.0-rc01] AndroidManifest.xml:39:13-45
117            android:theme="@style/Theme.Hidden" >
117-->[androidx.credentials:credentials-play-services-auth:1.2.0-rc01] AndroidManifest.xml:40:13-48
118        </activity>
119        <activity
119-->[com.google.android.gms:play-services-auth:20.7.0] AndroidManifest.xml:23:9-27:75
120            android:name="com.google.android.gms.auth.api.signin.internal.SignInHubActivity"
120-->[com.google.android.gms:play-services-auth:20.7.0] AndroidManifest.xml:24:13-93
121            android:excludeFromRecents="true"
121-->[com.google.android.gms:play-services-auth:20.7.0] AndroidManifest.xml:25:13-46
122            android:exported="false"
122-->[com.google.android.gms:play-services-auth:20.7.0] AndroidManifest.xml:26:13-37
123            android:theme="@android:style/Theme.Translucent.NoTitleBar" />
123-->[com.google.android.gms:play-services-auth:20.7.0] AndroidManifest.xml:27:13-72
124        <!--
125            Service handling Google Sign-In user revocation. For apps that do not integrate with
126            Google Sign-In, this service will never be started.
127        -->
128        <service
128-->[com.google.android.gms:play-services-auth:20.7.0] AndroidManifest.xml:33:9-37:51
129            android:name="com.google.android.gms.auth.api.signin.RevocationBoundService"
129-->[com.google.android.gms:play-services-auth:20.7.0] AndroidManifest.xml:34:13-89
130            android:exported="true"
130-->[com.google.android.gms:play-services-auth:20.7.0] AndroidManifest.xml:35:13-36
131            android:permission="com.google.android.gms.auth.api.signin.permission.REVOCATION_NOTIFICATION"
131-->[com.google.android.gms:play-services-auth:20.7.0] AndroidManifest.xml:36:13-107
132            android:visibleToInstantApps="true" />
132-->[com.google.android.gms:play-services-auth:20.7.0] AndroidManifest.xml:37:13-48
133
134        <provider
134-->[com.google.firebase:firebase-common:22.2.1] AndroidManifest.xml:23:9-28:39
135            android:name="com.google.firebase.provider.FirebaseInitProvider"
135-->[com.google.firebase:firebase-common:22.2.1] AndroidManifest.xml:24:13-77
136            android:authorities="com.example.authfirebase.firebaseinitprovider"
136-->[com.google.firebase:firebase-common:22.2.1] AndroidManifest.xml:25:13-72
137            android:directBootAware="true"
137-->[com.google.firebase:firebase-common:22.2.1] AndroidManifest.xml:26:13-43
138            android:exported="false"
138-->[com.google.firebase:firebase-common:22.2.1] AndroidManifest.xml:27:13-37
139            android:initOrder="100" />
139-->[com.google.firebase:firebase-common:22.2.1] AndroidManifest.xml:28:13-36
140
141        <activity
141-->[com.google.android.gms:play-services-base:18.0.1] AndroidManifest.xml:20:9-22:45
142            android:name="com.google.android.gms.common.api.GoogleApiActivity"
142-->[com.google.android.gms:play-services-base:18.0.1] AndroidManifest.xml:20:19-85
143            android:exported="false"
143-->[com.google.android.gms:play-services-base:18.0.1] AndroidManifest.xml:22:19-43
144            android:theme="@android:style/Theme.Translucent.NoTitleBar" />
144-->[com.google.android.gms:play-services-base:18.0.1] AndroidManifest.xml:21:19-78
145
146        <provider
146-->[androidx.emoji2:emoji2:1.3.0] AndroidManifest.xml:24:9-32:20
147            android:name="androidx.startup.InitializationProvider"
147-->[androidx.emoji2:emoji2:1.3.0] AndroidManifest.xml:25:13-67
148            android:authorities="com.example.authfirebase.androidx-startup"
148-->[androidx.emoji2:emoji2:1.3.0] AndroidManifest.xml:26:13-68
149            android:exported="false" >
149-->[androidx.emoji2:emoji2:1.3.0] AndroidManifest.xml:27:13-37
150            <meta-data
150-->[androidx.emoji2:emoji2:1.3.0] AndroidManifest.xml:29:13-31:52
151                android:name="androidx.emoji2.text.EmojiCompatInitializer"
151-->[androidx.emoji2:emoji2:1.3.0] AndroidManifest.xml:30:17-75
152                android:value="androidx.startup" />
152-->[androidx.emoji2:emoji2:1.3.0] AndroidManifest.xml:31:17-49
153            <meta-data
153-->[androidx.lifecycle:lifecycle-process:2.6.2] AndroidManifest.xml:29:13-31:52
154                android:name="androidx.lifecycle.ProcessLifecycleInitializer"
154-->[androidx.lifecycle:lifecycle-process:2.6.2] AndroidManifest.xml:30:17-78
155                android:value="androidx.startup" />
155-->[androidx.lifecycle:lifecycle-process:2.6.2] AndroidManifest.xml:31:17-49
156            <meta-data
156-->[androidx.profileinstaller:profileinstaller:1.4.0] AndroidManifest.xml:29:13-31:52
157                android:name="androidx.profileinstaller.ProfileInstallerInitializer"
157-->[androidx.profileinstaller:profileinstaller:1.4.0] AndroidManifest.xml:30:17-85
158                android:value="androidx.startup" />
158-->[androidx.profileinstaller:profileinstaller:1.4.0] AndroidManifest.xml:31:17-49
159        </provider>
160
161        <meta-data
161-->[com.google.android.gms:play-services-basement:18.9.0] AndroidManifest.xml:21:9-23:69
162            android:name="com.google.android.gms.version"
162-->[com.google.android.gms:play-services-basement:18.9.0] AndroidManifest.xml:22:13-58
163            android:value="@integer/google_play_services_version" />
163-->[com.google.android.gms:play-services-basement:18.9.0] AndroidManifest.xml:23:13-66
164
165        <receiver
165-->[androidx.profileinstaller:profileinstaller:1.4.0] AndroidManifest.xml:34:9-52:20
166            android:name="androidx.profileinstaller.ProfileInstallReceiver"
166-->[androidx.profileinstaller:profileinstaller:1.4.0] AndroidManifest.xml:35:13-76
167            android:directBootAware="false"
167-->[androidx.profileinstaller:profileinstaller:1.4.0] AndroidManifest.xml:36:13-44
168            android:enabled="true"
168-->[androidx.profileinstaller:profileinstaller:1.4.0] AndroidManifest.xml:37:13-35
169            android:exported="true"
169-->[androidx.profileinstaller:profileinstaller:1.4.0] AndroidManifest.xml:38:13-36
170            android:permission="android.permission.DUMP" >
170-->[androidx.profileinstaller:profileinstaller:1.4.0] AndroidManifest.xml:39:13-57
171            <intent-filter>
171-->[androidx.profileinstaller:profileinstaller:1.4.0] AndroidManifest.xml:40:13-42:29
172                <action android:name="androidx.profileinstaller.action.INSTALL_PROFILE" />
172-->[androidx.profileinstaller:profileinstaller:1.4.0] AndroidManifest.xml:41:17-91
172-->[androidx.profileinstaller:profileinstaller:1.4.0] AndroidManifest.xml:41:25-88
173            </intent-filter>
174            <intent-filter>
174-->[androidx.profileinstaller:profileinstaller:1.4.0] AndroidManifest.xml:43:13-45:29
175                <action android:name="androidx.profileinstaller.action.SKIP_FILE" />
175-->[androidx.profileinstaller:profileinstaller:1.4.0] AndroidManifest.xml:44:17-85
175-->[androidx.profileinstaller:profileinstaller:1.4.0] AndroidManifest.xml:44:25-82
176            </intent-filter>
177            <intent-filter>
177-->[androidx.profileinstaller:profileinstaller:1.4.0] AndroidManifest.xml:46:13-48:29
178                <action android:name="androidx.profileinstaller.action.SAVE_PROFILE" />
178-->[androidx.profileinstaller:profileinstaller:1.4.0] AndroidManifest.xml:47:17-88
178-->[androidx.profileinstaller:profileinstaller:1.4.0] AndroidManifest.xml:47:25-85
179            </intent-filter>
180            <intent-filter>
180-->[androidx.profileinstaller:profileinstaller:1.4.0] AndroidManifest.xml:49:13-51:29
181                <action android:name="androidx.profileinstaller.action.BENCHMARK_OPERATION" />
181-->[androidx.profileinstaller:profileinstaller:1.4.0] AndroidManifest.xml:50:17-95
181-->[androidx.profileinstaller:profileinstaller:1.4.0] AndroidManifest.xml:50:25-92
182            </intent-filter>
183        </receiver> <!-- The activities will be merged into the manifest of the hosting app. -->
184        <activity
184-->[com.google.android.play:core-common:2.0.3] AndroidManifest.xml:14:9-18:65
185            android:name="com.google.android.play.core.common.PlayCoreDialogWrapperActivity"
185-->[com.google.android.play:core-common:2.0.3] AndroidManifest.xml:15:13-93
186            android:exported="false"
186-->[com.google.android.play:core-common:2.0.3] AndroidManifest.xml:16:13-37
187            android:stateNotNeeded="true"
187-->[com.google.android.play:core-common:2.0.3] AndroidManifest.xml:17:13-42
188            android:theme="@style/Theme.PlayCore.Transparent" />
188-->[com.google.android.play:core-common:2.0.3] AndroidManifest.xml:18:13-62
189    </application>
190
191</manifest>